<?xml version="1.0" encoding="UTF-8"?>
<testng-results ignored="0" total="1" passed="1" failed="0" skipped="0">
  <reporter-output>
    <line>
      <![CDATA[launch browser successfully]]>
    </line>
    <line>
      <![CDATA[closed browser successfully]]>
    </line>
  </reporter-output>
  <suite started-at="2022-08-06T15:32:32 IST" name="Default suite" finished-at="2022-08-06T15:32:47 IST" duration-ms="14771">
    <groups>
    </groups>
    <test started-at="2022-08-06T15:32:32 IST" name="Default test" finished-at="2022-08-06T15:32:47 IST" duration-ms="14771">
      <class name="KiteAppTest.KiteAppTestClass">
        <test-method is-config="true" signature="openBrowser()[pri:0, instance:KiteAppTest.KiteAppTestClass@79924b]" started-at="2022-08-06T15:32:32 IST" name="openBrowser" finished-at="2022-08-06T15:32:39 IST" duration-ms="6627" status="PASS">
          <reporter-output>
            <line>
              <![CDATA[launch browser successfully]]>
            </line>
          </reporter-output>
        </test-method> <!-- openBrowser -->
        <test-method is-config="true" signature="loggingPage()[pri:0, instance:KiteAppTest.KiteAppTestClass@79924b]" started-at="2022-08-06T15:32:39 IST" name="loggingPage" finished-at="2022-08-06T15:32:41 IST" duration-ms="2496" status="PASS">
          <reporter-output>
          </reporter-output>
        </test-method> <!-- loggingPage -->
        <test-method signature="validateUserName()[pri:0, instance:KiteAppTest.KiteAppTestClass@79924b]" started-at="2022-08-06T15:32:41 IST" name="validateUserName" finished-at="2022-08-06T15:32:44 IST" duration-ms="2447" status="PASS">
          <reporter-output>
          </reporter-output>
        </test-method> <!-- validateUserName -->
        <test-method is-config="true" signature="loggingOut()[pri:0, instance:KiteAppTest.KiteAppTestClass@79924b]" started-at="2022-08-06T15:32:44 IST" name="loggingOut" finished-at="2022-08-06T15:32:46 IST" duration-ms="2345" status="PASS">
          <reporter-output>
          </reporter-output>
        </test-method> <!-- loggingOut -->
        <test-method is-config="true" signature="closingBrowser()[pri:0, instance:KiteAppTest.KiteAppTestClass@79924b]" started-at="2022-08-06T15:32:46 IST" name="closingBrowser" finished-at="2022-08-06T15:32:47 IST" duration-ms="799" status="PASS">
          <reporter-output>
            <line>
              <![CDATA[closed browser successfully]]>
            </line>
          </reporter-output>
        </test-method> <!-- closingBrowser -->
      </class> <!-- KiteAppTest.KiteAppTestClass -->
    </test> <!-- Default test -->
  </suite> <!-- Default suite -->
</testng-results>
